build/app/intermediates/manifest_merge_blame_file/debug/manifest-merger-blame-debug-report.txt
1<?xml version="1.0" encoding="utf-8"?>
2<manifest xmlns:android="http://schemas.android.com/apk/res/android"
3    package="com.example.instagram_clon_2"
4    android:versionCode="1"
5    android:versionName="1.0.0" >
6
7    <uses-sdk
8        android:minSdkVersion="21"
9        android:targetSdkVersion="28" />
10    <!--
11         Flutter needs it to communicate with the running application
12         to allow setting breakpoints, to provide hot reload, etc.
13    -->
14    <uses-permission android:name="android.permission.INTERNET" />
14-->src/main/AndroidManifest.xml:5:5-66
14-->src/main/AndroidManifest.xml:5:22-64
15    <uses-permission android:name="android.permission.CAMERA" />
15-->src/main/AndroidManifest.xml:3:5-65
15-->src/main/AndroidManifest.xml:3:22-62
16    <uses-permission android:name="android.permission.READ_EXTERNAL_STORAGE" />
16-->src/main/AndroidManifest.xml:4:5-80
16-->src/main/AndroidManifest.xml:4:22-77
17    <uses-permission android:name="android.permission.RECORD_AUDIO" />
17-->[:camera] AndroidManifest.xml:8:5-71
17-->[:camera] AndroidManifest.xml:8:22-68
18    <!--
19 io.flutter.app.FlutterApplication is an android.app.Application that
20         calls FlutterMain.startInitialization(this); in its onCreate method.
21         In most cases you can leave this as-is, but you if you want to provide
22         additional functionality it is fine to subclass or reimplement
23         FlutterApplication and put your custom class here.
24    -->
25    <application
25-->src/main/AndroidManifest.xml:12:5-52:19
26        android:name="io.flutter.app.FlutterApplication"
26-->src/main/AndroidManifest.xml:13:9-57
27        android:appComponentFactory="androidx.core.app.CoreComponentFactory"
27-->[androidx.core:core:1.1.0] AndroidManifest.xml:24:18-86
28        android:debuggable="true"
29        android:icon="@mipmap/ic_launcher"
29-->src/main/AndroidManifest.xml:15:9-43
30        android:label="instagram_clon_2"
30-->src/main/AndroidManifest.xml:14:9-41
31        android:supportsRtl="true" >
31-->[com.facebook.android:facebook-login:5.5.1] AndroidManifest.xml:28:18-44
32        <activity
32-->src/main/AndroidManifest.xml:16:9-44:20
33            android:name="com.example.instagram_clon_2.MainActivity"
33-->src/main/AndroidManifest.xml:17:13-41
34            android:configChanges="orientation|keyboardHidden|keyboard|screenSize|smallestScreenSize|locale|layoutDirection|fontScale|screenLayout|density|uiMode"
34-->src/main/AndroidManifest.xml:20:13-163
35            android:hardwareAccelerated="true"
35-->src/main/AndroidManifest.xml:21:13-47
36            android:launchMode="singleTop"
36-->src/main/AndroidManifest.xml:18:13-43
37            android:theme="@style/LaunchTheme"
37-->src/main/AndroidManifest.xml:19:13-47
38            android:windowSoftInputMode="adjustResize" >
38-->src/main/AndroidManifest.xml:22:13-55
39
40            <!--
41                 Specifies an Android theme to apply to this Activity as soon as
42                 the Android process has started. This theme is visible to the user
43                 while the Flutter UI initializes. After that, this theme continues
44                 to determine the Window background behind the Flutter UI.
45            -->
46            <meta-data
46-->src/main/AndroidManifest.xml:27:13-30:17
47                android:name="io.flutter.embedding.android.NormalTheme"
47-->src/main/AndroidManifest.xml:28:15-70
48                android:resource="@style/NormalTheme" />
48-->src/main/AndroidManifest.xml:29:15-52
49            <!--
50                 Displays an Android View that continues showing the launch screen
51                 Drawable until Flutter paints its first frame, then this splash
52                 screen fades out. A splash screen is useful to avoid any visual
53                 gap between the end of Android's launch screen and the painting of
54                 Flutter's first frame.
55            -->
56            <meta-data
56-->src/main/AndroidManifest.xml:36:13-39:17
57                android:name="io.flutter.embedding.android.SplashScreenDrawable"
57-->src/main/AndroidManifest.xml:37:15-79
58                android:resource="@drawable/launch_background" />
58-->src/main/AndroidManifest.xml:38:15-61
59
60            <intent-filter>
60-->src/main/AndroidManifest.xml:40:13-43:29
61                <action android:name="android.intent.action.MAIN" />
61-->src/main/AndroidManifest.xml:41:17-68
61-->src/main/AndroidManifest.xml:41:25-66
62
63                <category android:name="android.intent.category.LAUNCHER" />
63-->src/main/AndroidManifest.xml:42:17-76
63-->src/main/AndroidManifest.xml:42:27-74
64            </intent-filter>
65        </activity>
66        <!--
67             Don't delete the meta-data below.
68             This is used by the Flutter tool to generate GeneratedPluginRegistrant.java
69        -->
70        <meta-data
70-->src/main/AndroidManifest.xml:47:9-49:33
71            android:name="flutterEmbedding"
71-->src/main/AndroidManifest.xml:48:13-44
72            android:value="2" />
72-->src/main/AndroidManifest.xml:49:13-30
73        <meta-data
73-->src/main/AndroidManifest.xml:50:9-107
74            android:name="com.facebook.sdk.ApplicationId"
74-->src/main/AndroidManifest.xml:50:20-65
75            android:value="@string/facebook_app_id" />
75-->src/main/AndroidManifest.xml:50:66-105
76
77        <activity
77-->src/main/AndroidManifest.xml:50:108-283
78            android:name="com.facebook.FacebookActivity"
78-->src/main/AndroidManifest.xml:50:118-162
79            android:configChanges="keyboard|keyboardHidden|screenLayout|screenSize|orientation"
79-->src/main/AndroidManifest.xml:50:163-247
80            android:label="@string/app_name"
80-->src/main/AndroidManifest.xml:50:248-280
81            android:theme="@style/com_facebook_activity_theme" />
81-->[com.facebook.android:facebook-common:5.5.1] AndroidManifest.xml:32:13-63
82        <activity
82-->src/main/AndroidManifest.xml:50:284-643
83            android:name="com.facebook.CustomTabActivity"
83-->src/main/AndroidManifest.xml:50:294-339
84            android:exported="true" >
84-->src/main/AndroidManifest.xml:50:340-363
85            <intent-filter>
85-->src/main/AndroidManifest.xml:50:365-631
86                <action android:name="android.intent.action.VIEW" />
86-->src/main/AndroidManifest.xml:50:381-433
86-->src/main/AndroidManifest.xml:50:389-430
87
88                <category android:name="android.intent.category.DEFAULT" />
88-->src/main/AndroidManifest.xml:50:434-493
88-->src/main/AndroidManifest.xml:50:444-490
89                <category android:name="android.intent.category.BROWSABLE" />
89-->src/main/AndroidManifest.xml:50:494-555
89-->src/main/AndroidManifest.xml:50:504-552
90
91                <data android:scheme="@string/fb_login_protocol_scheme" />
91-->src/main/AndroidManifest.xml:50:556-614
91-->src/main/AndroidManifest.xml:50:562-611
92            </intent-filter>
93        </activity>
94
95        <service
95-->[:firebase_auth] AndroidManifest.xml:8:9-12:19
96            android:name="com.google.firebase.components.ComponentDiscoveryService"
96-->[:firebase_auth] AndroidManifest.xml:8:18-89
97            android:directBootAware="true"
97-->[com.google.firebase:firebase-common:19.3.0] AndroidManifest.xml:34:13-43
98            android:exported="false" >
98-->[com.google.firebase:firebase-auth:19.2.0] AndroidManifest.xml:35:13-37
99            <meta-data
99-->[:firebase_auth] AndroidManifest.xml:9:13-11:85
100                android:name="com.google.firebase.components:io.flutter.plugins.firebaseauth.FlutterFirebaseAppRegistrar"
100-->[:firebase_auth] AndroidManifest.xml:10:17-122
101                android:value="com.google.firebase.components.ComponentRegistrar" />
101-->[:firebase_auth] AndroidManifest.xml:11:17-82
102            <meta-data
102-->[:firebase_core] AndroidManifest.xml:9:13-11:85
103                android:name="com.google.firebase.components:io.flutter.plugins.firebase.core.FlutterFirebaseAppRegistrar"
103-->[:firebase_core] AndroidManifest.xml:10:17-123
104                android:value="com.google.firebase.components.ComponentRegistrar" />
104-->[:firebase_core] AndroidManifest.xml:11:17-82
105            <meta-data
105-->[com.google.firebase:firebase-auth:19.2.0] AndroidManifest.xml:36:13-38:85
106                android:name="com.google.firebase.components:com.google.firebase.auth.FirebaseAuthRegistrar"
106-->[com.google.firebase:firebase-auth:19.2.0] AndroidManifest.xml:37:17-109
107                android:value="com.google.firebase.components.ComponentRegistrar" />
107-->[com.google.firebase:firebase-auth:19.2.0] AndroidManifest.xml:38:17-82
108        </service>
109
110        <activity
110-->[com.google.firebase:firebase-auth:19.2.0] AndroidManifest.xml:24:9-31:50
111            android:name="com.google.firebase.auth.internal.FederatedSignInActivity"
111-->[com.google.firebase:firebase-auth:19.2.0] AndroidManifest.xml:25:13-85
112            android:excludeFromRecents="true"
112-->[com.google.firebase:firebase-auth:19.2.0] AndroidManifest.xml:26:13-46
113            android:exported="true"
113-->[com.google.firebase:firebase-auth:19.2.0] AndroidManifest.xml:27:13-36
114            android:launchMode="singleTask"
114-->[com.google.firebase:firebase-auth:19.2.0] AndroidManifest.xml:28:13-44
115            android:permission="com.google.firebase.auth.api.gms.permission.LAUNCH_FEDERATED_SIGN_IN"
115-->[com.google.firebase:firebase-auth:19.2.0] AndroidManifest.xml:29:13-102
116            android:theme="@android:style/Theme.Translucent.NoTitleBar" />
116-->[com.google.firebase:firebase-auth:19.2.0] AndroidManifest.xml:30:13-72
117        <activity android:name="com.facebook.CustomTabMainActivity" />
117-->[com.facebook.android:facebook-common:5.5.1] AndroidManifest.xml:33:9-71
117-->[com.facebook.android:facebook-common:5.5.1] AndroidManifest.xml:33:19-68
118        <activity
118-->[com.google.android.gms:play-services-base:17.1.0] AndroidManifest.xml:23:9-26:75
119            android:name="com.google.android.gms.common.api.GoogleApiActivity"
119-->[com.google.android.gms:play-services-base:17.1.0] AndroidManifest.xml:24:13-79
120            android:exported="false"
120-->[com.google.android.gms:play-services-base:17.1.0] AndroidManifest.xml:25:13-37
121            android:theme="@android:style/Theme.Translucent.NoTitleBar" />
121-->[com.google.android.gms:play-services-base:17.1.0] AndroidManifest.xml:26:13-72
122
123        <provider
123-->[com.google.firebase:firebase-common:19.3.0] AndroidManifest.xml:26:9-30:39
124            android:name="com.google.firebase.provider.FirebaseInitProvider"
124-->[com.google.firebase:firebase-common:19.3.0] AndroidManifest.xml:27:13-77
125            android:authorities="com.example.instagram_clon_2.firebaseinitprovider"
125-->[com.google.firebase:firebase-common:19.3.0] AndroidManifest.xml:28:13-72
126            android:exported="false"
126-->[com.google.firebase:firebase-common:19.3.0] AndroidManifest.xml:29:13-37
127            android:initOrder="100" />
127-->[com.google.firebase:firebase-common:19.3.0] AndroidManifest.xml:30:13-36
128
129        <meta-data
129-->[com.google.android.gms:play-services-basement:17.0.0] AndroidManifest.xml:23:9-25:69
130            android:name="com.google.android.gms.version"
130-->[com.google.android.gms:play-services-basement:17.0.0] AndroidManifest.xml:24:13-58
131            android:value="@integer/google_play_services_version" />
131-->[com.google.android.gms:play-services-basement:17.0.0] AndroidManifest.xml:25:13-66
132        <!--
133         The initialization ContentProvider will call FacebookSdk.sdkInitialize automatically
134         with the application context. This config is merged in with the host app's manifest,
135         but there can only be one provider with the same authority activated at any given
136         point; so if the end user has two or more different apps that use Facebook SDK, only the
137         first one will be able to use the provider. To work around this problem, we use the
138         following placeholder in the authority to identify each host application as if it was
139         a completely different provider.
140        -->
141        <provider
141-->[com.facebook.android:facebook-core:5.5.1] AndroidManifest.xml:39:9-42:40
142            android:name="com.facebook.internal.FacebookInitProvider"
142-->[com.facebook.android:facebook-core:5.5.1] AndroidManifest.xml:40:13-70
143            android:authorities="com.example.instagram_clon_2.FacebookInitProvider"
143-->[com.facebook.android:facebook-core:5.5.1] AndroidManifest.xml:41:13-72
144            android:exported="false" />
144-->[com.facebook.android:facebook-core:5.5.1] AndroidManifest.xml:42:13-37
145
146        <receiver
146-->[com.facebook.android:facebook-core:5.5.1] AndroidManifest.xml:44:9-50:20
147            android:name="com.facebook.CurrentAccessTokenExpirationBroadcastReceiver"
147-->[com.facebook.android:facebook-core:5.5.1] AndroidManifest.xml:45:13-86
148            android:exported="false" >
148-->[com.facebook.android:facebook-core:5.5.1] AndroidManifest.xml:46:13-37
149            <intent-filter>
149-->[com.facebook.android:facebook-core:5.5.1] AndroidManifest.xml:47:13-49:29
150                <action android:name="com.facebook.sdk.ACTION_CURRENT_ACCESS_TOKEN_CHANGED" />
150-->[com.facebook.android:facebook-core:5.5.1] AndroidManifest.xml:48:17-95
150-->[com.facebook.android:facebook-core:5.5.1] AndroidManifest.xml:48:25-92
151            </intent-filter>
152        </receiver>
153        <receiver
153-->[com.facebook.android:facebook-core:5.5.1] AndroidManifest.xml:51:9-58:20
154            android:name="com.facebook.CampaignTrackingReceiver"
154-->[com.facebook.android:facebook-core:5.5.1] AndroidManifest.xml:52:13-65
155            android:exported="true"
155-->[com.facebook.android:facebook-core:5.5.1] AndroidManifest.xml:53:13-36
156            android:permission="android.permission.INSTALL_PACKAGES" >
156-->[com.facebook.android:facebook-core:5.5.1] AndroidManifest.xml:54:13-69
157            <intent-filter>
157-->[com.facebook.android:facebook-core:5.5.1] AndroidManifest.xml:55:13-57:29
158                <action android:name="com.android.vending.INSTALL_REFERRER" />
158-->[com.facebook.android:facebook-core:5.5.1] AndroidManifest.xml:56:17-79
158-->[com.facebook.android:facebook-core:5.5.1] AndroidManifest.xml:56:25-76
159            </intent-filter>
160        </receiver>
161    </application>
162
163</manifest>